<?xml version="1.0" encoding="UTF-8"?>
<!-- Generated by org.testng.reporters.JUnitXMLReporter -->
<testsuite ignored="0" hostname="DESKTOP-F9KQSCF" failures="0" tests="5" name="Surefire test" time="84.526" errors="0" timestamp="2022-10-12T01:29:03 IST">
  <testcase classname="amolseleniumfirstpack.tests.ErrorValidationsTest" name="validateCartProduct" time="18.539"/>
  <testcase classname="amolseleniumfirstpack.tests.ErrorValidationsTest" name="validateLogin" time="0.397"/>
  <testcase classname="amolseleniumfirstpack.tests.SubmitOrderTest" name="submitOrder" time="19.474"/>
  <testcase classname="amolseleniumfirstpack.tests.SubmitOrderTest" name="submitOrder" time="19.296"/>
  <testcase classname="amolseleniumfirstpack.tests.SubmitOrderTest" name="OrderHistoryTest" time="0.642"/>
</testsuite> <!-- Surefire test -->
