<?xml version="1.0" encoding="UTF-8"?>
<!-- Generated by org.testng.reporters.JUnitXMLReporter -->
<testsuite ignored="0" hostname="DESKTOP-F9KQSCF" failures="0" tests="3" name="Default test" time="57.658" errors="0" timestamp="2022-10-11T01:40:31 IST">
  <testcase classname="amolseleniumfirstpack.tests.SubmitOrderTest" name="submitOrder" time="19.777"/>
  <testcase classname="amolseleniumfirstpack.tests.SubmitOrderTest" name="submitOrder" time="19.378"/>
  <testcase classname="amolseleniumfirstpack.tests.SubmitOrderTest" name="OrderHistoryTest" time="0.647"/>
</testsuite> <!-- Default test -->
