<?xml version="1.0" encoding="UTF-8"?>
<!-- Generated by org.testng.reporters.JUnitXMLReporter -->
<testsuite ignored="0" hostname="DESKTOP-F9KQSCF" failures="0" tests="2" name="Error vlaidation" time="28.409" errors="0" timestamp="2022-09-26T01:24:38 IST">
  <testcase classname="amolseleniumfirstpack.tests.ErrorValidationsTest" name="validateCartProduct" time="18.302"/>
  <testcase classname="amolseleniumfirstpack.tests.ErrorValidationsTest" name="validateLogin" time="0.394"/>
</testsuite> <!-- Error vlaidation -->
