<?xml version="1.0" encoding="UTF-8"?>
<!-- Generated by org.testng.reporters.JUnitXMLReporter -->
<testsuite ignored="0" hostname="DESKTOP-F9KQSCF" failures="0" tests="3" name="Submit Order Test" time="59.182" errors="0" timestamp="2022-10-12T00:02:49 IST">
  <testcase classname="amolseleniumfirstpack.tests.SubmitOrderTest" name="submitOrder" time="19.663"/>
  <testcase classname="amolseleniumfirstpack.tests.SubmitOrderTest" name="submitOrder" time="21.595"/>
  <testcase classname="amolseleniumfirstpack.tests.SubmitOrderTest" name="OrderHistoryTest" time="0.651"/>
</testsuite> <!-- Submit Order Test -->
