<?xml version="1.0" encoding="UTF-8"?>
<!-- Generated by org.testng.reporters.JUnitXMLReporter -->
<testsuite ignored="0" hostname="DESKTOP-F9KQSCF" failures="0" tests="2" name="Error validations" time="33.267" errors="0" timestamp="2022-10-14T20:05:07 IST">
  <testcase classname="amolseleniumfirstpack.tests.ErrorValidationsTest" name="validateCartProduct" time="18.718"/>
  <testcase classname="amolseleniumfirstpack.tests.ErrorValidationsTest" name="validateLogin" time="0.502"/>
</testsuite> <!-- Error validations -->
