<?xml version="1.0" encoding="UTF-8"?>
<testng-results ignored="2" total="4" passed="2" failed="0" skipped="0">
  <reporter-output>
  </reporter-output>
  <suite started-at="2022-10-14T20:04:33 IST" name="Suite" finished-at="2022-10-14T20:05:07 IST" duration-ms="33314">
    <groups>
      <group name="ErrorHandling">
        <method signature="ErrorValidationsTest.validateLogin()[pri:0, instance:amolseleniumfirstpack.tests.ErrorValidationsTest@42a48628]" name="validateLogin" class="amolseleniumfirstpack.tests.ErrorValidationsTest"/>
      </group> <!-- ErrorHandling -->
      <group name="Amol">
        <method signature="ErrorValidationsTest.validateCartProduct()[pri:0, instance:amolseleniumfirstpack.tests.ErrorValidationsTest@42a48628]" name="validateCartProduct" class="amolseleniumfirstpack.tests.ErrorValidationsTest"/>
      </group> <!-- Amol -->
    </groups>
    <test started-at="2022-10-14T20:04:33 IST" name="Submit Order Test" finished-at="2022-10-14T20:04:33 IST" duration-ms="10">
    </test> <!-- Submit Order Test -->
    <test started-at="2022-10-14T20:04:33 IST" name="Error validations" finished-at="2022-10-14T20:05:07 IST" duration-ms="33267">
      <class name="amolseleniumfirstpack.tests.ErrorValidationsTest">
        <test-method is-config="true" signature="launchApplication()[pri:0, instance:amolseleniumfirstpack.tests.ErrorValidationsTest@42a48628]" started-at="2022-10-14T20:04:33 IST" name="launchApplication" finished-at="2022-10-14T20:04:42 IST" duration-ms="9001" status="PASS">
          <reporter-output>
          </reporter-output>
        </test-method> <!-- launchApplication -->
        <test-method signature="validateCartProduct()[pri:0, instance:amolseleniumfirstpack.tests.ErrorValidationsTest@42a48628]" started-at="2022-10-14T20:04:42 IST" name="validateCartProduct" finished-at="2022-10-14T20:05:01 IST" duration-ms="18718" status="PASS">
          <reporter-output>
          </reporter-output>
        </test-method> <!-- validateCartProduct -->
        <test-method is-config="true" signature="tearDown()[pri:0, instance:amolseleniumfirstpack.tests.ErrorValidationsTest@42a48628]" started-at="2022-10-14T20:05:01 IST" name="tearDown" finished-at="2022-10-14T20:05:01 IST" duration-ms="190" status="PASS">
          <reporter-output>
          </reporter-output>
        </test-method> <!-- tearDown -->
        <test-method is-config="true" signature="launchApplication()[pri:0, instance:amolseleniumfirstpack.tests.ErrorValidationsTest@42a48628]" started-at="2022-10-14T20:05:01 IST" name="launchApplication" finished-at="2022-10-14T20:05:06 IST" duration-ms="4620" status="PASS">
          <reporter-output>
          </reporter-output>
        </test-method> <!-- launchApplication -->
        <test-method signature="validateLogin()[pri:0, instance:amolseleniumfirstpack.tests.ErrorValidationsTest@42a48628]" started-at="2022-10-14T20:05:06 IST" name="validateLogin" finished-at="2022-10-14T20:05:07 IST" duration-ms="502" status="PASS">
          <reporter-output>
          </reporter-output>
        </test-method> <!-- validateLogin -->
        <test-method is-config="true" signature="tearDown()[pri:0, instance:amolseleniumfirstpack.tests.ErrorValidationsTest@42a48628]" started-at="2022-10-14T20:05:07 IST" name="tearDown" finished-at="2022-10-14T20:05:07 IST" duration-ms="193" status="PASS">
          <reporter-output>
          </reporter-output>
        </test-method> <!-- tearDown -->
      </class> <!-- amolseleniumfirstpack.tests.ErrorValidationsTest -->
    </test> <!-- Error validations -->
  </suite> <!-- Suite -->
</testng-results>
